Build started 12/26/2013 9:01:48 PM.
     1>Project "D:\projects\Coop\CoopUtils\win32wchar\win32wchar.vcxproj" on node 2 (build target(s)).
     1>InitializeBuildStatus:
         Creating "Debug\win32wchar.unsuccessfulbuild" because "AlwaysCreate" was specified.
       ClCompile:
         D:\Program Files (x86)\Microsoft Visual Studio 10.0\VC\bin\CL.exe /c /ZI /nologo /W3 /WX- /Od /Oy- /D WIN32 /D _DEBUG /D _CONSOLE /D _UNICODE /D UNICODE /Gm /EHsc /RTC1 /MDd /GS /fp:precise /Zc:wchar_t /Zc:forScope /Fo"Debug\\" /Fd"Debug\vc100.pdb" /Gd /TP /analyze- /errorReport:prompt main.cpp
         main.cpp
       ManifestResourceCompile:
         All outputs are up-to-date.
       Link:
         D:\Program Files (x86)\Microsoft Visual Studio 10.0\VC\bin\link.exe /ERRORREPORT:PROMPT /OUT:"D:\projects\Coop\CoopUtils\Debug\win32wchar.exe" /INCREMENTAL /NOLOGO kernel32.lib user32.lib gdi32.lib winspool.lib comdlg32.lib advapi32.lib shell32.lib ole32.lib oleaut32.lib uuid.lib odbc32.lib odbccp32.lib /MANIFEST /ManifestFile:"Debug\win32wchar.exe.intermediate.manifest" /MANIFESTUAC:"level='asInvoker' uiAccess='false'" /DEBUG /PDB:"D:\projects\Coop\CoopUtils\Debug\win32wchar.pdb" /SUBSYSTEM:CONSOLE /TLBID:1 /DYNAMICBASE /NXCOMPAT /IMPLIB:"D:\projects\Coop\CoopUtils\Debug\win32wchar.lib" /MACHINE:X86 Debug\win32wchar.exe.embed.manifest.res
         Debug\main.obj
       Manifest:
         C:\Program Files (x86)\Microsoft SDKs\Windows\v7.0A\bin\mt.exe /nologo /verbose /out:"Debug\win32wchar.exe.embed.manifest" /manifest Debug\win32wchar.exe.intermediate.manifest
         All outputs are up-to-date.
       LinkEmbedManifest:
         All outputs are up-to-date.
         win32wchar.vcxproj -> D:\projects\Coop\CoopUtils\Debug\win32wchar.exe
       FinalizeBuildStatus:
         Deleting file "Debug\win32wchar.unsuccessfulbuild".
         Touching "Debug\win32wchar.lastbuildstate".
     1>Done Building Project "D:\projects\Coop\CoopUtils\win32wchar\win32wchar.vcxproj" (build target(s)).

Build succeeded.

Time Elapsed 00:00:00.63
